Started by user Mousumi Ghanti
Running in Durability level: MAX_SURVIVABILITY
[Pipeline] Start of Pipeline
[Pipeline] node
Running on Jenkins in /var/lib/jenkins/workspace/pipeline-project
[Pipeline] {
[Pipeline] stage
[Pipeline] { (Environment Preparation)
[Pipeline] echo
Preparing the Jenkins environment with required tools...
[Pipeline] tool
[Pipeline] tool
[Pipeline] }
[Pipeline] // stage
[Pipeline] stage
[Pipeline] { (git checkout)
[Pipeline] echo
Checking out the code from git repository...
[Pipeline] git
The recommended git tool is: NONE
No credentials specified
 > git rev-parse --resolve-git-dir /var/lib/jenkins/workspace/pipeline-project/.git # timeout=10
Fetching changes from the remote Git repository
 > git config remote.origin.url https://github.com/MousumiGhanti/devops.git # timeout=10
Fetching upstream changes from https://github.com/MousumiGhanti/devops.git
 > git --version # timeout=10
 > git --version # 'git version 2.17.1'
 > git fetch --tags --progress -- https://github.com/MousumiGhanti/devops.git +refs/heads/*:refs/remotes/origin/* # timeout=10
 > git rev-parse refs/remotes/origin/master^{commit} # timeout=10
Checking out Revision 4615320670c1b8e61edb5a40d65c1efa8caa21c0 (refs/remotes/origin/master)
 > git config core.sparsecheckout # timeout=10
 > git checkout -f 4615320670c1b8e61edb5a40d65c1efa8caa21c0 # timeout=10
 > git branch -a -v --no-abbrev # timeout=10
 > git branch -D master # timeout=10
 > git checkout -b master 4615320670c1b8e61edb5a40d65c1efa8caa21c0 # timeout=10
Commit message: "Testing commit"
 > git rev-list --no-walk 4615320670c1b8e61edb5a40d65c1efa8caa21c0 # timeout=10
[Pipeline] }
[Pipeline] // stage
[Pipeline] stage
[Pipeline] { (Build and Package)
[Pipeline] echo
Building the application...
[Pipeline] sh
+ /var/lib/jenkins/tools/hudson.tasks.Maven_MavenInstallation/maven-3/bin/mvn clean package
[INFO] Scanning for projects...
[INFO] 
[INFO] -----------------------< com.casestudy:bootcamp >-----------------------
[INFO] Building bootcamp 0.0.1-SNAPSHOT
[INFO] --------------------------------[ jar ]---------------------------------
[INFO] 
[INFO] --- maven-clean-plugin:3.1.0:clean (default-clean) @ bootcamp ---
[INFO] Deleting /var/lib/jenkins/workspace/pipeline-project/target
[INFO] 
[INFO] --- maven-resources-plugin:3.1.0:resources (default-resources) @ bootcamp ---
[INFO] Using 'UTF-8' encoding to copy filtered resources.
[INFO] Copying 1 resource
[INFO] Copying 1 resource
[INFO] 
[INFO] --- maven-compiler-plugin:3.8.1:compile (default-compile) @ bootcamp ---
[INFO] Changes detected - recompiling the module!
[INFO] Compiling 2 source files to /var/lib/jenkins/workspace/pipeline-project/target/classes
[INFO] 
[INFO] --- maven-resources-plugin:3.1.0:testResources (default-testResources) @ bootcamp ---
[INFO] Using 'UTF-8' encoding to copy filtered resources.
[INFO] skip non existing resourceDirectory /var/lib/jenkins/workspace/pipeline-project/src/test/resources
[INFO] 
[INFO] --- maven-compiler-plugin:3.8.1:testCompile (default-testCompile) @ bootcamp ---
[INFO] Changes detected - recompiling the module!
[INFO] Compiling 1 source file to /var/lib/jenkins/workspace/pipeline-project/target/test-classes
[INFO] 
[INFO] --- maven-surefire-plugin:2.22.2:test (default-test) @ bootcamp ---
[INFO] 
[INFO] -------------------------------------------------------
[INFO]  T E S T S
[INFO] -------------------------------------------------------
[INFO] Running com.TestMessageController
09:09:09.696 [main] DEBUG org.springframework.test.context.BootstrapUtils - Instantiating CacheAwareContextLoaderDelegate from class [org.springframework.test.context.cache.DefaultCacheAwareContextLoaderDelegate]
09:09:09.716 [main] DEBUG org.springframework.test.context.BootstrapUtils - Instantiating BootstrapContext using constructor [public org.springframework.test.context.support.DefaultBootstrapContext(java.lang.Class,org.springframework.test.context.CacheAwareContextLoaderDelegate)]
09:09:09.734 [main] DEBUG org.springframework.test.context.BootstrapUtils - Instantiating TestContextBootstrapper for test class [com.TestMessageController] from class [org.springframework.boot.test.context.SpringBootTestContextBootstrapper]
09:09:09.744 [main] INFO org.springframework.boot.test.context.SpringBootTestContextBootstrapper - Neither @ContextConfiguration nor @ContextHierarchy found for test class [com.TestMessageController], using SpringBootContextLoader
09:09:09.748 [main] DEBUG org.springframework.test.context.support.AbstractContextLoader - Did not detect default resource location for test class [com.TestMessageController]: class path resource [com/TestMessageController-context.xml] does not exist
09:09:09.749 [main] DEBUG org.springframework.test.context.support.AbstractContextLoader - Did not detect default resource location for test class [com.TestMessageController]: class path resource [com/TestMessageControllerContext.groovy] does not exist
09:09:09.752 [main] INFO org.springframework.test.context.support.AbstractContextLoader - Could not detect default resource locations for test class [com.TestMessageController]: no resource found for suffixes {-context.xml, Context.groovy}.
09:09:09.753 [main] INFO org.springframework.test.context.support.AnnotationConfigContextLoaderUtils - Could not detect default configuration classes for test class [com.TestMessageController]: TestMessageController does not declare any static, non-private, non-final, nested classes annotated with @Configuration.
09:09:09.790 [main] DEBUG org.springframework.test.context.support.ActiveProfilesUtils - Could not find an 'annotation declaring class' for annotation type [org.springframework.test.context.ActiveProfiles] and class [com.TestMessageController]
09:09:09.859 [main] DEBUG org.springframework.context.annotation.ClassPathScanningCandidateComponentProvider - Identified candidate component class: file [/var/lib/jenkins/workspace/pipeline-project/target/classes/com/Application.class]
09:09:09.864 [main] INFO org.springframework.boot.test.context.SpringBootTestContextBootstrapper - Found @SpringBootConfiguration com.Application for test class com.TestMessageController
09:09:09.970 [main] DEBUG org.springframework.boot.test.context.SpringBootTestContextBootstrapper - @TestExecutionListeners is not present for class [com.TestMessageController]: using defaults.
09:09:09.971 [main] INFO org.springframework.boot.test.context.SpringBootTestContextBootstrapper - Loaded default TestExecutionListener class names from location [META-INF/spring.factories]: [org.springframework.boot.test.mock.mockito.MockitoTestExecutionListener, org.springframework.boot.test.mock.mockito.ResetMocksTestExecutionListener, org.springframework.boot.test.autoconfigure.restdocs.RestDocsTestExecutionListener, org.springframework.boot.test.autoconfigure.web.client.MockRestServiceServerResetTestExecutionListener, org.springframework.boot.test.autoconfigure.web.servlet.MockMvcPrintOnlyOnFailureTestExecutionListener, org.springframework.boot.test.autoconfigure.web.servlet.WebDriverTestExecutionListener, org.springframework.test.context.web.ServletTestExecutionListener, org.springframework.test.context.support.DirtiesContextBeforeModesTestExecutionListener, org.springframework.test.context.support.DependencyInjectionTestExecutionListener, org.springframework.test.context.support.DirtiesContextTestExecutionListener, org.springframework.test.context.transaction.TransactionalTestExecutionListener, org.springframework.test.context.jdbc.SqlScriptsTestExecutionListener]
09:09:09.980 [main] DEBUG org.springframework.boot.test.context.SpringBootTestContextBootstrapper - Skipping candidate TestExecutionListener [org.springframework.test.context.transaction.TransactionalTestExecutionListener] due to a missing dependency. Specify custom listener classes or make the default listener classes and their required dependencies available. Offending class: [org/springframework/transaction/interceptor/TransactionAttributeSource]
09:09:09.981 [main] DEBUG org.springframework.boot.test.context.SpringBootTestContextBootstrapper - Skipping candidate TestExecutionListener [org.springframework.test.context.jdbc.SqlScriptsTestExecutionListener] due to a missing dependency. Specify custom listener classes or make the default listener classes and their required dependencies available. Offending class: [org/springframework/transaction/interceptor/TransactionAttribute]
09:09:09.981 [main] INFO org.springframework.boot.test.context.SpringBootTestContextBootstrapper - Using TestExecutionListeners: [org.springframework.test.context.web.ServletTestExecutionListener@14bdbc74, org.springframework.test.context.support.DirtiesContextBeforeModesTestExecutionListener@12591ac8, org.springframework.boot.test.mock.mockito.MockitoTestExecutionListener@5a7fe64f, org.springframework.boot.test.autoconfigure.SpringBootDependencyInjectionTestExecutionListener@38145825, org.springframework.test.context.support.DirtiesContextTestExecutionListener@41330d4f, org.springframework.boot.test.mock.mockito.ResetMocksTestExecutionListener@1b66c0fb, org.springframework.boot.test.autoconfigure.restdocs.RestDocsTestExecutionListener@3e0e1046, org.springframework.boot.test.autoconfigure.web.client.MockRestServiceServerResetTestExecutionListener@24c1b2d2, org.springframework.boot.test.autoconfigure.web.servlet.MockMvcPrintOnlyOnFailureTestExecutionListener@7dc19a70, org.springframework.boot.test.autoconfigure.web.servlet.WebDriverTestExecutionListener@508dec2b]
09:09:09.985 [main] DEBUG org.springframework.test.context.support.AbstractDirtiesContextTestExecutionListener - Before test class: context [DefaultTestContext@1e16c0aa testClass = TestMessageController, testInstance = [null], testMethod = [null], testException = [null], mergedContextConfiguration = [WebMergedContextConfiguration@13d73f29 testClass = TestMessageController, locations = '{}', classes = '{class com.Application}', contextInitializerClasses = '[]', activeProfiles = '{}', propertySourceLocations = '{}', propertySourceProperties = '{org.springframework.boot.test.context.SpringBootTestContextBootstrapper=true}', contextCustomizers = set[org.springframework.boot.test.context.filter.ExcludeFilterContextCustomizer@71d44a3, org.springframework.boot.test.json.DuplicateJsonObjectContextCustomizerFactory$DuplicateJsonObjectContextCustomizer@34123d65, org.springframework.boot.test.mock.mockito.MockitoContextCustomizer@0, org.springframework.boot.test.web.client.TestRestTemplateContextCustomizer@4afcd809, org.springframework.boot.test.autoconfigure.properties.PropertyMappingContextCustomizer@0, org.springframework.boot.test.autoconfigure.web.servlet.WebDriverContextCustomizerFactory$Customizer@44c03695], resourceBasePath = 'src/main/webapp', contextLoader = 'org.springframework.boot.test.context.SpringBootContextLoader', parent = [null]], attributes = map['org.springframework.test.context.web.ServletTestExecutionListener.activateListener' -> true]], class annotated with @DirtiesContext [false] with mode [null].
09:09:10.009 [main] DEBUG org.springframework.test.context.support.TestPropertySourceUtils - Adding inlined properties to environment: {spring.jmx.enabled=false, org.springframework.boot.test.context.SpringBootTestContextBootstrapper=true, server.port=-1}

  .   ____          _            __ _ _
 /\\ / ___'_ __ _ _(_)_ __  __ _ \ \ \ \
( ( )\___ | '_ | '_| | '_ \/ _` | \ \ \ \
 \\/  ___)| |_)| | | | | || (_| |  ) ) ) )
  '  |____| .__|_| |_|_| |_\__, | / / / /
 =========|_|==============|___/=/_/_/_/
 :: Spring Boot ::        (v2.1.7.RELEASE)

2021-06-01 09:09:10.472  INFO 20541 --- [           main] com.TestMessageController                : Starting TestMessageController on ip-172-31-3-150 with PID 20541 (started by jenkins in /var/lib/jenkins/workspace/pipeline-project)
2021-06-01 09:09:10.473  INFO 20541 --- [           main] com.TestMessageController                : No active profile set, falling back to default profiles: default
2021-06-01 09:09:13.165  INFO 20541 --- [           main] o.s.s.concurrent.ThreadPoolTaskExecutor  : Initializing ExecutorService 'applicationTaskExecutor'
2021-06-01 09:09:13.257  INFO 20541 --- [           main] o.s.b.a.w.s.WelcomePageHandlerMapping    : Adding welcome page: class path resource [static/index.html]
2021-06-01 09:09:13.434  INFO 20541 --- [           main] com.TestMessageController                : Started TestMessageController in 3.418 seconds (JVM running for 4.448)
2021-06-01 09:09:13.685  INFO 20541 --- [           main] com.MessageController                    : hello, its an info
2021-06-01 09:09:13.696  INFO 20541 --- [           main] com.MessageController                    : hello from test app1
[INFO] Tests run: 2, Failures: 0, Errors: 0, Skipped: 0, Time elapsed: 4.101 s - in com.TestMessageController
2021-06-01 09:09:13.764  INFO 20541 --- [       Thread-1] o.s.s.concurrent.ThreadPoolTaskExecutor  : Shutting down ExecutorService 'applicationTaskExecutor'
[INFO] 
[INFO] Results:
[INFO] 
[INFO] Tests run: 2, Failures: 0, Errors: 0, Skipped: 0
[INFO] 
[INFO] 
[INFO] --- maven-jar-plugin:3.1.2:jar (default-jar) @ bootcamp ---
[INFO] Building jar: /var/lib/jenkins/workspace/pipeline-project/target/bootcamp-0.0.1-SNAPSHOT.jar
[INFO] 
[INFO] --- spring-boot-maven-plugin:2.1.7.RELEASE:repackage (repackage) @ bootcamp ---
[INFO] Replacing main artifact with repackaged archive
[INFO] 
[INFO] --- spring-boot-maven-plugin:2.1.7.RELEASE:repackage (default) @ bootcamp ---
[INFO] Replacing main artifact with repackaged archive
[INFO] ------------------------------------------------------------------------
[INFO] BUILD SUCCESS
[INFO] ------------------------------------------------------------------------
[INFO] Total time:  8.387 s
[INFO] Finished at: 2021-06-01T09:09:14Z
[INFO] ------------------------------------------------------------------------
[Pipeline] }
[Pipeline] // stage
[Pipeline] stage
[Pipeline] { (Sonar Scan)
[Pipeline] echo
Scanning application for vulnerabilities...
[Pipeline] sh
+ /var/lib/jenkins/tools/hudson.tasks.Maven_MavenInstallation/maven-3/bin/mvn sonar:sonar -Dsonar.host.url=http://34.134.175.243:9000/
[INFO] Scanning for projects...
[WARNING] The POM for org.eclipse.m2e:lifecycle-mapping:jar:1.0.0 is missing, no dependency information available
[WARNING] Failed to retrieve plugin descriptor for org.eclipse.m2e:lifecycle-mapping:1.0.0: Plugin org.eclipse.m2e:lifecycle-mapping:1.0.0 or one of its dependencies could not be resolved: Failure to find org.eclipse.m2e:lifecycle-mapping:jar:1.0.0 in https://repo.maven.apache.org/maven2 was cached in the local repository, resolution will not be reattempted until the update interval of central has elapsed or updates are forced
[INFO] 
[INFO] -----------------------< com.casestudy:bootcamp >-----------------------
[INFO] Building bootcamp 0.0.1-SNAPSHOT
[INFO] --------------------------------[ jar ]---------------------------------
[WARNING] The POM for org.eclipse.m2e:lifecycle-mapping:jar:1.0.0 is missing, no dependency information available
[WARNING] Failed to retrieve plugin descriptor for org.eclipse.m2e:lifecycle-mapping:1.0.0: Plugin org.eclipse.m2e:lifecycle-mapping:1.0.0 or one of its dependencies could not be resolved: Failure to find org.eclipse.m2e:lifecycle-mapping:jar:1.0.0 in https://repo.maven.apache.org/maven2 was cached in the local repository, resolution will not be reattempted until the update interval of central has elapsed or updates are forced
[INFO] 
[INFO] --- sonar-maven-plugin:3.9.0.2155:sonar (default-cli) @ bootcamp ---
[INFO] User cache: /var/lib/jenkins/.sonar/cache
[INFO] SonarQube version: 7.1.0
[INFO] Default locale: "en", source code encoding: "UTF-8"
[INFO] Publish mode
[INFO] Load global settings
WARNING: An illegal reflective access operation has occurred
WARNING: Illegal reflective access by com.google.protobuf.UnsafeUtil (file:/var/lib/jenkins/.sonar/cache/3e26d9ec2d452f29e27358939e592296/sonar-scanner-engine-shaded-7.1-all.jar) to field java.nio.Buffer.address
WARNING: Please consider reporting this to the maintainers of com.google.protobuf.UnsafeUtil
WARNING: Use --illegal-access=warn to enable warnings of further illegal reflective access operations
WARNING: All illegal access operations will be denied in a future release
[INFO] Load global settings (done) | time=138ms
[INFO] Server id: AXmyv4BQp4OgoOG0oAJG
[INFO] User cache: /var/lib/jenkins/.sonar/cache
[INFO] Load plugins index
[INFO] Load plugins index (done) | time=78ms
[INFO] Load/download plugins
[INFO] Load/download plugins (done) | time=24ms
[INFO] Process project properties
[INFO] Load project repositories
[INFO] Load project repositories (done) | time=116ms
[INFO] Load quality profiles
[INFO] Load quality profiles (done) | time=57ms
[INFO] Load active rules
[INFO] Load active rules (done) | time=1232ms
[INFO] Load metrics repository
[INFO] Load metrics repository (done) | time=55ms
[INFO] Project key: com.casestudy:bootcamp
[INFO] Project base dir: /var/lib/jenkins/workspace/pipeline-project
[INFO] -------------  Scan bootcamp
[INFO] Load server rules
[INFO] Load server rules (done) | time=347ms
[INFO] Base dir: /var/lib/jenkins/workspace/pipeline-project
[INFO] Working dir: /var/lib/jenkins/workspace/pipeline-project/target/sonar
[INFO] Source paths: pom.xml, src/main/java
[INFO] Test paths: src/test/java
[INFO] Source encoding: UTF-8, default locale: en
[INFO] Index files
[INFO] 4 files indexed
[INFO] Quality profile for java: Sonar way
[INFO] Quality profile for xml: Sonar way
[INFO] Sensor JavaSquidSensor [java]
[INFO] Configured Java source version (sonar.java.source): 8
[INFO] JavaClasspath initialization
[INFO] JavaClasspath initialization (done) | time=11ms
[INFO] JavaTestClasspath initialization
[INFO] JavaTestClasspath initialization (done) | time=2ms
[INFO] Java Main Files AST scan
[INFO] 2 source files to be analyzed
[ERROR] Unable to create symbol table for : /var/lib/jenkins/workspace/pipeline-project/src/main/java/com/Application.java
java.lang.IllegalArgumentException: null
	at org.objectweb.asm.ClassReader.<init>(ClassReader.java:160)
	at org.objectweb.asm.ClassReader.<init>(ClassReader.java:143)
	at org.sonar.java.resolve.BytecodeCompleter.loadClass(BytecodeCompleter.java:204)
	at org.sonar.java.resolve.Symbols.<init>(Symbols.java:176)
	at org.sonar.java.resolve.SemanticModel.createFor(SemanticModel.java:59)
	at org.sonar.java.model.VisitorsBridge.visitFile(VisitorsBridge.java:110)
	at org.sonar.java.ast.JavaAstScanner.simpleScan(JavaAstScanner.java:96)
	at org.sonar.java.ast.JavaAstScanner.scan(JavaAstScanner.java:68)
	at org.sonar.java.JavaSquid.scanSources(JavaSquid.java:119)
	at org.sonar.java.JavaSquid.scan(JavaSquid.java:113)
	at org.sonar.plugins.java.JavaSquidSensor.execute(JavaSquidSensor.java:92)
	at org.sonar.scanner.sensor.SensorWrapper.analyse(SensorWrapper.java:53)
	at org.sonar.scanner.phases.SensorsExecutor.executeSensor(SensorsExecutor.java:88)
	at org.sonar.scanner.phases.SensorsExecutor.execute(SensorsExecutor.java:82)
	at org.sonar.scanner.phases.SensorsExecutor.execute(SensorsExecutor.java:68)
	at org.sonar.scanner.phases.AbstractPhaseExecutor.execute(AbstractPhaseExecutor.java:88)
	at org.sonar.scanner.scan.ModuleScanContainer.doAfterStart(ModuleScanContainer.java:180)
	at org.sonar.core.platform.ComponentContainer.startComponents(ComponentContainer.java:135)
	at org.sonar.core.platform.ComponentContainer.execute(ComponentContainer.java:121)
	at org.sonar.scanner.scan.ProjectScanContainer.scan(ProjectScanContainer.java:302)
	at org.sonar.scanner.scan.ProjectScanContainer.scanRecursively(ProjectScanContainer.java:297)
	at org.sonar.scanner.scan.ProjectScanContainer.doAfterStart(ProjectScanContainer.java:271)
	at org.sonar.core.platform.ComponentContainer.startComponents(ComponentContainer.java:135)
	at org.sonar.core.platform.ComponentContainer.execute(ComponentContainer.java:121)
	at org.sonar.scanner.task.ScanTask.execute(ScanTask.java:48)
	at org.sonar.scanner.task.TaskContainer.doAfterStart(TaskContainer.java:84)
	at org.sonar.core.platform.ComponentContainer.startComponents(ComponentContainer.java:135)
	at org.sonar.core.platform.ComponentContainer.execute(ComponentContainer.java:121)
	at org.sonar.scanner.bootstrap.GlobalContainer.executeTask(GlobalContainer.java:121)
	at org.sonar.batch.bootstrapper.Batch.doExecuteTask(Batch.java:116)
	at org.sonar.batch.bootstrapper.Batch.execute(Batch.java:71)
	at org.sonarsource.scanner.api.internal.batch.BatchIsolatedLauncher.execute(BatchIsolatedLauncher.java:46)
	at java.base/jdk.internal.reflect.NativeMethodAccessorImpl.invoke0(Native Method)
	at java.base/jdk.internal.reflect.NativeMethodAccessorImpl.invoke(NativeMethodAccessorImpl.java:62)
	at java.base/jdk.internal.reflect.DelegatingMethodAccessorImpl.invoke(DelegatingMethodAccessorImpl.java:43)
	at java.base/java.lang.reflect.Method.invoke(Method.java:566)
	at org.sonarsource.scanner.api.internal.IsolatedLauncherProxy.invoke(IsolatedLauncherProxy.java:60)
	at com.sun.proxy.$Proxy25.execute(Unknown Source)
	at org.sonarsource.scanner.api.EmbeddedScanner.doExecute(EmbeddedScanner.java:189)
	at org.sonarsource.scanner.api.EmbeddedScanner.execute(EmbeddedScanner.java:138)
	at org.sonarsource.scanner.maven.bootstrap.ScannerBootstrapper.execute(ScannerBootstrapper.java:65)
	at org.sonarsource.scanner.maven.SonarQubeMojo.execute(SonarQubeMojo.java:108)
	at org.apache.maven.plugin.DefaultBuildPluginManager.executeMojo(DefaultBuildPluginManager.java:137)
	at org.apache.maven.lifecycle.internal.MojoExecutor.execute(MojoExecutor.java:210)
	at org.apache.maven.lifecycle.internal.MojoExecutor.execute(MojoExecutor.java:156)
	at org.apache.maven.lifecycle.internal.MojoExecutor.execute(MojoExecutor.java:148)
	at org.apache.maven.lifecycle.internal.LifecycleModuleBuilder.buildProject(LifecycleModuleBuilder.java:117)
	at org.apache.maven.lifecycle.internal.LifecycleModuleBuilder.buildProject(LifecycleModuleBuilder.java:81)
	at org.apache.maven.lifecycle.internal.builder.singlethreaded.SingleThreadedBuilder.build(SingleThreadedBuilder.java:56)
	at org.apache.maven.lifecycle.internal.LifecycleStarter.execute(LifecycleStarter.java:128)
	at org.apache.maven.DefaultMaven.doExecute(DefaultMaven.java:305)
	at org.apache.maven.DefaultMaven.doExecute(DefaultMaven.java:192)
	at org.apache.maven.DefaultMaven.execute(DefaultMaven.java:105)
	at org.apache.maven.cli.MavenCli.execute(MavenCli.java:956)
	at org.apache.maven.cli.MavenCli.doMain(MavenCli.java:288)
	at org.apache.maven.cli.MavenCli.main(MavenCli.java:192)
	at java.base/jdk.internal.reflect.NativeMethodAccessorImpl.invoke0(Native Method)
	at java.base/jdk.internal.reflect.NativeMethodAccessorImpl.invoke(NativeMethodAccessorImpl.java:62)
	at java.base/jdk.internal.reflect.DelegatingMethodAccessorImpl.invoke(DelegatingMethodAccessorImpl.java:43)
	at java.base/java.lang.reflect.Method.invoke(Method.java:566)
	at org.codehaus.plexus.classworlds.launcher.Launcher.launchEnhanced(Launcher.java:282)
	at org.codehaus.plexus.classworlds.launcher.Launcher.launch(Launcher.java:225)
	at org.codehaus.plexus.classworlds.launcher.Launcher.mainWithExitCode(Launcher.java:406)
	at org.codehaus.plexus.classworlds.launcher.Launcher.main(Launcher.java:347)

[ERROR] Unable to create symbol table for : /var/lib/jenkins/workspace/pipeline-project/src/main/java/com/MessageController.java
java.lang.IllegalArgumentException: null
	at org.objectweb.asm.ClassReader.<init>(ClassReader.java:160)
	at org.objectweb.asm.ClassReader.<init>(ClassReader.java:143)
	at org.sonar.java.resolve.BytecodeCompleter.loadClass(BytecodeCompleter.java:204)
	at org.sonar.java.resolve.Symbols.<init>(Symbols.java:176)
	at org.sonar.java.resolve.SemanticModel.createFor(SemanticModel.java:59)
	at org.sonar.java.model.VisitorsBridge.visitFile(VisitorsBridge.java:110)
	at org.sonar.java.ast.JavaAstScanner.simpleScan(JavaAstScanner.java:96)
	at org.sonar.java.ast.JavaAstScanner.scan(JavaAstScanner.java:68)
	at org.sonar.java.JavaSquid.scanSources(JavaSquid.java:119)
	at org.sonar.java.JavaSquid.scan(JavaSquid.java:113)
	at org.sonar.plugins.java.JavaSquidSensor.execute(JavaSquidSensor.java:92)
	at org.sonar.scanner.sensor.SensorWrapper.analyse(SensorWrapper.java:53)
	at org.sonar.scanner.phases.SensorsExecutor.executeSensor(SensorsExecutor.java:88)
	at org.sonar.scanner.phases.SensorsExecutor.execute(SensorsExecutor.java:82)
	at org.sonar.scanner.phases.SensorsExecutor.execute(SensorsExecutor.java:68)
	at org.sonar.scanner.phases.AbstractPhaseExecutor.execute(AbstractPhaseExecutor.java:88)
	at org.sonar.scanner.scan.ModuleScanContainer.doAfterStart(ModuleScanContainer.java:180)
	at org.sonar.core.platform.ComponentContainer.startComponents(ComponentContainer.java:135)
	at org.sonar.core.platform.ComponentContainer.execute(ComponentContainer.java:121)
	at org.sonar.scanner.scan.ProjectScanContainer.scan(ProjectScanContainer.java:302)
	at org.sonar.scanner.scan.ProjectScanContainer.scanRecursively(ProjectScanContainer.java:297)
	at org.sonar.scanner.scan.ProjectScanContainer.doAfterStart(ProjectScanContainer.java:271)
	at org.sonar.core.platform.ComponentContainer.startComponents(ComponentContainer.java:135)
	at org.sonar.core.platform.ComponentContainer.execute(ComponentContainer.java:121)
	at org.sonar.scanner.task.ScanTask.execute(ScanTask.java:48)
	at org.sonar.scanner.task.TaskContainer.doAfterStart(TaskContainer.java:84)
	at org.sonar.core.platform.ComponentContainer.startComponents(ComponentContainer.java:135)
	at org.sonar.core.platform.ComponentContainer.execute(ComponentContainer.java:121)
	at org.sonar.scanner.bootstrap.GlobalContainer.executeTask(GlobalContainer.java:121)
	at org.sonar.batch.bootstrapper.Batch.doExecuteTask(Batch.java:116)
	at org.sonar.batch.bootstrapper.Batch.execute(Batch.java:71)
	at org.sonarsource.scanner.api.internal.batch.BatchIsolatedLauncher.execute(BatchIsolatedLauncher.java:46)
	at java.base/jdk.internal.reflect.NativeMethodAccessorImpl.invoke0(Native Method)
	at java.base/jdk.internal.reflect.NativeMethodAccessorImpl.invoke(NativeMethodAccessorImpl.java:62)
	at java.base/jdk.internal.reflect.DelegatingMethodAccessorImpl.invoke(DelegatingMethodAccessorImpl.java:43)
	at java.base/java.lang.reflect.Method.invoke(Method.java:566)
	at org.sonarsource.scanner.api.internal.IsolatedLauncherProxy.invoke(IsolatedLauncherProxy.java:60)
	at com.sun.proxy.$Proxy25.execute(Unknown Source)
	at org.sonarsource.scanner.api.EmbeddedScanner.doExecute(EmbeddedScanner.java:189)
	at org.sonarsource.scanner.api.EmbeddedScanner.execute(EmbeddedScanner.java:138)
	at org.sonarsource.scanner.maven.bootstrap.ScannerBootstrapper.execute(ScannerBootstrapper.java:65)
	at org.sonarsource.scanner.maven.SonarQubeMojo.execute(SonarQubeMojo.java:108)
	at org.apache.maven.plugin.DefaultBuildPluginManager.executeMojo(DefaultBuildPluginManager.java:137)
	at org.apache.maven.lifecycle.internal.MojoExecutor.execute(MojoExecutor.java:210)
	at org.apache.maven.lifecycle.internal.MojoExecutor.execute(MojoExecutor.java:156)
	at org.apache.maven.lifecycle.internal.MojoExecutor.execute(MojoExecutor.java:148)
	at org.apache.maven.lifecycle.internal.LifecycleModuleBuilder.buildProject(LifecycleModuleBuilder.java:117)
	at org.apache.maven.lifecycle.internal.LifecycleModuleBuilder.buildProject(LifecycleModuleBuilder.java:81)
	at org.apache.maven.lifecycle.internal.builder.singlethreaded.SingleThreadedBuilder.build(SingleThreadedBuilder.java:56)
	at org.apache.maven.lifecycle.internal.LifecycleStarter.execute(LifecycleStarter.java:128)
	at org.apache.maven.DefaultMaven.doExecute(DefaultMaven.java:305)
	at org.apache.maven.DefaultMaven.doExecute(DefaultMaven.java:192)
	at org.apache.maven.DefaultMaven.execute(DefaultMaven.java:105)
	at org.apache.maven.cli.MavenCli.execute(MavenCli.java:956)
	at org.apache.maven.cli.MavenCli.doMain(MavenCli.java:288)
	at org.apache.maven.cli.MavenCli.main(MavenCli.java:192)
	at java.base/jdk.internal.reflect.NativeMethodAccessorImpl.invoke0(Native Method)
	at java.base/jdk.internal.reflect.NativeMethodAccessorImpl.invoke(NativeMethodAccessorImpl.java:62)
	at java.base/jdk.internal.reflect.DelegatingMethodAccessorImpl.invoke(DelegatingMethodAccessorImpl.java:43)
	at java.base/java.lang.reflect.Method.invoke(Method.java:566)
	at org.codehaus.plexus.classworlds.launcher.Launcher.launchEnhanced(Launcher.java:282)
	at org.codehaus.plexus.classworlds.launcher.Launcher.launch(Launcher.java:225)
	at org.codehaus.plexus.classworlds.launcher.Launcher.mainWithExitCode(Launcher.java:406)
	at org.codehaus.plexus.classworlds.launcher.Launcher.main(Launcher.java:347)

[INFO] 2/2 source files have been analyzed
[INFO] Java Main Files AST scan (done) | time=137ms
[INFO] Java Test Files AST scan
[INFO] 1 source files to be analyzed
[ERROR] Unable to create symbol table for : /var/lib/jenkins/workspace/pipeline-project/src/test/java/com/TestMessageController.java
java.lang.IllegalArgumentException: null
	at org.objectweb.asm.ClassReader.<init>(ClassReader.java:160)
	at org.objectweb.asm.ClassReader.<init>(ClassReader.java:143)
	at org.sonar.java.resolve.BytecodeCompleter.loadClass(BytecodeCompleter.java:204)
	at org.sonar.java.resolve.Symbols.<init>(Symbols.java:176)
	at org.sonar.java.resolve.SemanticModel.createFor(SemanticModel.java:59)
	at org.sonar.java.model.VisitorsBridge.visitFile(VisitorsBridge.java:110)
	at org.sonar.java.ast.JavaAstScanner.simpleScan(JavaAstScanner.java:96)
	at org.sonar.java.ast.JavaAstScanner.scan(JavaAstScanner.java:68)
	at org.sonar.java.JavaSquid.scanTests(JavaSquid.java:125)
	at org.sonar.java.JavaSquid.scan(JavaSquid.java:114)
	at org.sonar.plugins.java.JavaSquidSensor.execute(JavaSquidSensor.java:92)
	at org.sonar.scanner.sensor.SensorWrapper.analyse(SensorWrapper.java:53)
	at org.sonar.scanner.phases.SensorsExecutor.executeSensor(SensorsExecutor.java:88)
	at org.sonar.scanner.phases.SensorsExecutor.execute(SensorsExecutor.java:82)
	at org.sonar.scanner.phases.SensorsExecutor.execute(SensorsExecutor.java:68)
	at org.sonar.scanner.phases.AbstractPhaseExecutor.execute(AbstractPhaseExecutor.java:88)
	at org.sonar.scanner.scan.ModuleScanContainer.doAfterStart(ModuleScanContainer.java:180)
	at org.sonar.core.platform.ComponentContainer.startComponents(ComponentContainer.java:135)
	at org.sonar.core.platform.ComponentContainer.execute(ComponentContainer.java:121)
	at org.sonar.scanner.scan.ProjectScanContainer.scan(ProjectScanContainer.java:302)
	at org.sonar.scanner.scan.ProjectScanContainer.scanRecursively(ProjectScanContainer.java:297)
	at org.sonar.scanner.scan.ProjectScanContainer.doAfterStart(ProjectScanContainer.java:271)
	at org.sonar.core.platform.ComponentContainer.startComponents(ComponentContainer.java:135)
	at org.sonar.core.platform.ComponentContainer.execute(ComponentContainer.java:121)
	at org.sonar.scanner.task.ScanTask.execute(ScanTask.java:48)
	at org.sonar.scanner.task.TaskContainer.doAfterStart(TaskContainer.java:84)
	at org.sonar.core.platform.ComponentContainer.startComponents(ComponentContainer.java:135)
	at org.sonar.core.platform.ComponentContainer.execute(ComponentContainer.java:121)
	at org.sonar.scanner.bootstrap.GlobalContainer.executeTask(GlobalContainer.java:121)
	at org.sonar.batch.bootstrapper.Batch.doExecuteTask(Batch.java:116)
	at org.sonar.batch.bootstrapper.Batch.execute(Batch.java:71)
	at org.sonarsource.scanner.api.internal.batch.BatchIsolatedLauncher.execute(BatchIsolatedLauncher.java:46)
	at java.base/jdk.internal.reflect.NativeMethodAccessorImpl.invoke0(Native Method)
	at java.base/jdk.internal.reflect.NativeMethodAccessorImpl.invoke(NativeMethodAccessorImpl.java:62)
	at java.base/jdk.internal.reflect.DelegatingMethodAccessorImpl.invoke(DelegatingMethodAccessorImpl.java:43)
	at java.base/java.lang.reflect.Method.invoke(Method.java:566)
	at org.sonarsource.scanner.api.internal.IsolatedLauncherProxy.invoke(IsolatedLauncherProxy.java:60)
	at com.sun.proxy.$Proxy25.execute(Unknown Source)
	at org.sonarsource.scanner.api.EmbeddedScanner.doExecute(EmbeddedScanner.java:189)
	at org.sonarsource.scanner.api.EmbeddedScanner.execute(EmbeddedScanner.java:138)
	at org.sonarsource.scanner.maven.bootstrap.ScannerBootstrapper.execute(ScannerBootstrapper.java:65)
	at org.sonarsource.scanner.maven.SonarQubeMojo.execute(SonarQubeMojo.java:108)
	at org.apache.maven.plugin.DefaultBuildPluginManager.executeMojo(DefaultBuildPluginManager.java:137)
	at org.apache.maven.lifecycle.internal.MojoExecutor.execute(MojoExecutor.java:210)
	at org.apache.maven.lifecycle.internal.MojoExecutor.execute(MojoExecutor.java:156)
	at org.apache.maven.lifecycle.internal.MojoExecutor.execute(MojoExecutor.java:148)
	at org.apache.maven.lifecycle.internal.LifecycleModuleBuilder.buildProject(LifecycleModuleBuilder.java:117)
	at org.apache.maven.lifecycle.internal.LifecycleModuleBuilder.buildProject(LifecycleModuleBuilder.java:81)
	at org.apache.maven.lifecycle.internal.builder.singlethreaded.SingleThreadedBuilder.build(SingleThreadedBuilder.java:56)
	at org.apache.maven.lifecycle.internal.LifecycleStarter.execute(LifecycleStarter.java:128)
	at org.apache.maven.DefaultMaven.doExecute(DefaultMaven.java:305)
	at org.apache.maven.DefaultMaven.doExecute(DefaultMaven.java:192)
	at org.apache.maven.DefaultMaven.execute(DefaultMaven.java:105)
	at org.apache.maven.cli.MavenCli.execute(MavenCli.java:956)
	at org.apache.maven.cli.MavenCli.doMain(MavenCli.java:288)
	at org.apache.maven.cli.MavenCli.main(MavenCli.java:192)
	at java.base/jdk.internal.reflect.NativeMethodAccessorImpl.invoke0(Native Method)
	at java.base/jdk.internal.reflect.NativeMethodAccessorImpl.invoke(NativeMethodAccessorImpl.java:62)
	at java.base/jdk.internal.reflect.DelegatingMethodAccessorImpl.invoke(DelegatingMethodAccessorImpl.java:43)
	at java.base/java.lang.reflect.Method.invoke(Method.java:566)
	at org.codehaus.plexus.classworlds.launcher.Launcher.launchEnhanced(Launcher.java:282)
	at org.codehaus.plexus.classworlds.launcher.Launcher.launch(Launcher.java:225)
	at org.codehaus.plexus.classworlds.launcher.Launcher.mainWithExitCode(Launcher.java:406)
	at org.codehaus.plexus.classworlds.launcher.Launcher.main(Launcher.java:347)

[INFO] 1/1 source files have been analyzed
[INFO] Java Test Files AST scan (done) | time=36ms
[INFO] Sensor JavaSquidSensor [java] (done) | time=773ms
[INFO] Sensor SurefireSensor [java]
[INFO] parsing [/var/lib/jenkins/workspace/pipeline-project/target/surefire-reports]
[INFO] Sensor SurefireSensor [java] (done) | time=117ms
[INFO] Sensor JaCoCoSensor [java]
[INFO] Sensor JaCoCoSensor [java] (done) | time=9ms
[INFO] Sensor SonarJavaXmlFileSensor [java]
[INFO] 1 source files to be analyzed
[INFO] Sensor SonarJavaXmlFileSensor [java] (done) | time=392ms
[INFO] Sensor XML Sensor [xml]
[INFO] 1/1 source files have been analyzed
[INFO] Sensor XML Sensor [xml] (done) | time=142ms
[INFO] Sensor Zero Coverage Sensor
[INFO] Sensor Zero Coverage Sensor (done) | time=8ms
[INFO] Sensor CPD Block Indexer
[INFO] Sensor CPD Block Indexer (done) | time=18ms
[INFO] 1 file had no CPD blocks
[INFO] Calculating CPD for 1 file
[INFO] CPD calculation finished
[INFO] Analysis report generated in 139ms, dir size=47 KB
[INFO] Analysis reports compressed in 10ms, zip size=12 KB
[INFO] Analysis report uploaded in 75ms
[INFO] ANALYSIS SUCCESSFUL, you can browse http://34.134.175.243:9000/dashboard/index/com.casestudy:bootcamp
[INFO] Note that you will be able to access the updated dashboard once the server has processed the submitted analysis report
[INFO] More about the report processing at http://34.134.175.243:9000/api/ce/task?id=AXnG1bBuKqIihyr2avBH
[INFO] Task total time: 5.027 s
[INFO] ------------------------------------------------------------------------
[INFO] BUILD SUCCESS
[INFO] ------------------------------------------------------------------------
[INFO] Total time:  7.496 s
[INFO] Finished at: 2021-06-01T09:09:23Z
[INFO] ------------------------------------------------------------------------
[Pipeline] }
[Pipeline] // stage
[Pipeline] stage
[Pipeline] { (Publish Test Report)
[Pipeline] echo
 Publishing HTML report..
[Pipeline] sh
+ /var/lib/jenkins/tools/hudson.tasks.Maven_MavenInstallation/maven-3/bin/mvn surefire-report:report
[INFO] Scanning for projects...
[WARNING] The POM for org.eclipse.m2e:lifecycle-mapping:jar:1.0.0 is missing, no dependency information available
[WARNING] Failed to retrieve plugin descriptor for org.eclipse.m2e:lifecycle-mapping:1.0.0: Plugin org.eclipse.m2e:lifecycle-mapping:1.0.0 or one of its dependencies could not be resolved: Failure to find org.eclipse.m2e:lifecycle-mapping:jar:1.0.0 in https://repo.maven.apache.org/maven2 was cached in the local repository, resolution will not be reattempted until the update interval of central has elapsed or updates are forced
[INFO] 
[INFO] -----------------------< com.casestudy:bootcamp >-----------------------
[INFO] Building bootcamp 0.0.1-SNAPSHOT
[INFO] --------------------------------[ jar ]---------------------------------
[WARNING] The POM for org.eclipse.m2e:lifecycle-mapping:jar:1.0.0 is missing, no dependency information available
[WARNING] Failed to retrieve plugin descriptor for org.eclipse.m2e:lifecycle-mapping:1.0.0: Plugin org.eclipse.m2e:lifecycle-mapping:1.0.0 or one of its dependencies could not be resolved: Failure to find org.eclipse.m2e:lifecycle-mapping:jar:1.0.0 in https://repo.maven.apache.org/maven2 was cached in the local repository, resolution will not be reattempted until the update interval of central has elapsed or updates are forced
[INFO] 
[INFO] >>> maven-surefire-report-plugin:3.0.0-M5:report (default-cli) > [surefire]test @ bootcamp >>>
[INFO] 
[INFO] --- maven-resources-plugin:3.1.0:resources (default-resources) @ bootcamp ---
[INFO] Using 'UTF-8' encoding to copy filtered resources.
[INFO] Copying 1 resource
[INFO] Copying 1 resource
[INFO] 
[INFO] --- maven-compiler-plugin:3.8.1:compile (default-compile) @ bootcamp ---
[INFO] Nothing to compile - all classes are up to date
[INFO] 
[INFO] --- maven-resources-plugin:3.1.0:testResources (default-testResources) @ bootcamp ---
[INFO] Using 'UTF-8' encoding to copy filtered resources.
[INFO] skip non existing resourceDirectory /var/lib/jenkins/workspace/pipeline-project/src/test/resources
[INFO] 
[INFO] --- maven-compiler-plugin:3.8.1:testCompile (default-testCompile) @ bootcamp ---
[INFO] Nothing to compile - all classes are up to date
[INFO] 
[INFO] --- maven-surefire-plugin:2.22.2:test (default-test) @ bootcamp ---
[INFO] 
[INFO] -------------------------------------------------------
[INFO]  T E S T S
[INFO] -------------------------------------------------------
[INFO] Running com.TestMessageController
09:09:28.029 [main] DEBUG org.springframework.test.context.BootstrapUtils - Instantiating CacheAwareContextLoaderDelegate from class [org.springframework.test.context.cache.DefaultCacheAwareContextLoaderDelegate]
09:09:28.052 [main] DEBUG org.springframework.test.context.BootstrapUtils - Instantiating BootstrapContext using constructor [public org.springframework.test.context.support.DefaultBootstrapContext(java.lang.Class,org.springframework.test.context.CacheAwareContextLoaderDelegate)]
09:09:28.070 [main] DEBUG org.springframework.test.context.BootstrapUtils - Instantiating TestContextBootstrapper for test class [com.TestMessageController] from class [org.springframework.boot.test.context.SpringBootTestContextBootstrapper]
09:09:28.080 [main] INFO org.springframework.boot.test.context.SpringBootTestContextBootstrapper - Neither @ContextConfiguration nor @ContextHierarchy found for test class [com.TestMessageController], using SpringBootContextLoader
09:09:28.084 [main] DEBUG org.springframework.test.context.support.AbstractContextLoader - Did not detect default resource location for test class [com.TestMessageController]: class path resource [com/TestMessageController-context.xml] does not exist
09:09:28.092 [main] DEBUG org.springframework.test.context.support.AbstractContextLoader - Did not detect default resource location for test class [com.TestMessageController]: class path resource [com/TestMessageControllerContext.groovy] does not exist
09:09:28.093 [main] INFO org.springframework.test.context.support.AbstractContextLoader - Could not detect default resource locations for test class [com.TestMessageController]: no resource found for suffixes {-context.xml, Context.groovy}.
09:09:28.094 [main] INFO org.springframework.test.context.support.AnnotationConfigContextLoaderUtils - Could not detect default configuration classes for test class [com.TestMessageController]: TestMessageController does not declare any static, non-private, non-final, nested classes annotated with @Configuration.
09:09:28.132 [main] DEBUG org.springframework.test.context.support.ActiveProfilesUtils - Could not find an 'annotation declaring class' for annotation type [org.springframework.test.context.ActiveProfiles] and class [com.TestMessageController]
09:09:28.207 [main] DEBUG org.springframework.context.annotation.ClassPathScanningCandidateComponentProvider - Identified candidate component class: file [/var/lib/jenkins/workspace/pipeline-project/target/classes/com/Application.class]
09:09:28.212 [main] INFO org.springframework.boot.test.context.SpringBootTestContextBootstrapper - Found @SpringBootConfiguration com.Application for test class com.TestMessageController
09:09:28.305 [main] DEBUG org.springframework.boot.test.context.SpringBootTestContextBootstrapper - @TestExecutionListeners is not present for class [com.TestMessageController]: using defaults.
09:09:28.305 [main] INFO org.springframework.boot.test.context.SpringBootTestContextBootstrapper - Loaded default TestExecutionListener class names from location [META-INF/spring.factories]: [org.springframework.boot.test.mock.mockito.MockitoTestExecutionListener, org.springframework.boot.test.mock.mockito.ResetMocksTestExecutionListener, org.springframework.boot.test.autoconfigure.restdocs.RestDocsTestExecutionListener, org.springframework.boot.test.autoconfigure.web.client.MockRestServiceServerResetTestExecutionListener, org.springframework.boot.test.autoconfigure.web.servlet.MockMvcPrintOnlyOnFailureTestExecutionListener, org.springframework.boot.test.autoconfigure.web.servlet.WebDriverTestExecutionListener, org.springframework.test.context.web.ServletTestExecutionListener, org.springframework.test.context.support.DirtiesContextBeforeModesTestExecutionListener, org.springframework.test.context.support.DependencyInjectionTestExecutionListener, org.springframework.test.context.support.DirtiesContextTestExecutionListener, org.springframework.test.context.transaction.TransactionalTestExecutionListener, org.springframework.test.context.jdbc.SqlScriptsTestExecutionListener]
09:09:28.323 [main] DEBUG org.springframework.boot.test.context.SpringBootTestContextBootstrapper - Skipping candidate TestExecutionListener [org.springframework.test.context.transaction.TransactionalTestExecutionListener] due to a missing dependency. Specify custom listener classes or make the default listener classes and their required dependencies available. Offending class: [org/springframework/transaction/interceptor/TransactionAttributeSource]
09:09:28.325 [main] DEBUG org.springframework.boot.test.context.SpringBootTestContextBootstrapper - Skipping candidate TestExecutionListener [org.springframework.test.context.jdbc.SqlScriptsTestExecutionListener] due to a missing dependency. Specify custom listener classes or make the default listener classes and their required dependencies available. Offending class: [org/springframework/transaction/interceptor/TransactionAttribute]
09:09:28.327 [main] INFO org.springframework.boot.test.context.SpringBootTestContextBootstrapper - Using TestExecutionListeners: [org.springframework.test.context.web.ServletTestExecutionListener@14bdbc74, org.springframework.test.context.support.DirtiesContextBeforeModesTestExecutionListener@12591ac8, org.springframework.boot.test.mock.mockito.MockitoTestExecutionListener@5a7fe64f, org.springframework.boot.test.autoconfigure.SpringBootDependencyInjectionTestExecutionListener@38145825, org.springframework.test.context.support.DirtiesContextTestExecutionListener@41330d4f, org.springframework.boot.test.mock.mockito.ResetMocksTestExecutionListener@1b66c0fb, org.springframework.boot.test.autoconfigure.restdocs.RestDocsTestExecutionListener@3e0e1046, org.springframework.boot.test.autoconfigure.web.client.MockRestServiceServerResetTestExecutionListener@24c1b2d2, org.springframework.boot.test.autoconfigure.web.servlet.MockMvcPrintOnlyOnFailureTestExecutionListener@7dc19a70, org.springframework.boot.test.autoconfigure.web.servlet.WebDriverTestExecutionListener@508dec2b]
09:09:28.335 [main] DEBUG org.springframework.test.context.support.AbstractDirtiesContextTestExecutionListener - Before test class: context [DefaultTestContext@1e16c0aa testClass = TestMessageController, testInstance = [null], testMethod = [null], testException = [null], mergedContextConfiguration = [WebMergedContextConfiguration@13d73f29 testClass = TestMessageController, locations = '{}', classes = '{class com.Application}', contextInitializerClasses = '[]', activeProfiles = '{}', propertySourceLocations = '{}', propertySourceProperties = '{org.springframework.boot.test.context.SpringBootTestContextBootstrapper=true}', contextCustomizers = set[org.springframework.boot.test.context.filter.ExcludeFilterContextCustomizer@71d44a3, org.springframework.boot.test.json.DuplicateJsonObjectContextCustomizerFactory$DuplicateJsonObjectContextCustomizer@34123d65, org.springframework.boot.test.mock.mockito.MockitoContextCustomizer@0, org.springframework.boot.test.web.client.TestRestTemplateContextCustomizer@4afcd809, org.springframework.boot.test.autoconfigure.properties.PropertyMappingContextCustomizer@0, org.springframework.boot.test.autoconfigure.web.servlet.WebDriverContextCustomizerFactory$Customizer@44c03695], resourceBasePath = 'src/main/webapp', contextLoader = 'org.springframework.boot.test.context.SpringBootContextLoader', parent = [null]], attributes = map['org.springframework.test.context.web.ServletTestExecutionListener.activateListener' -> true]], class annotated with @DirtiesContext [false] with mode [null].
09:09:28.374 [main] DEBUG org.springframework.test.context.support.TestPropertySourceUtils - Adding inlined properties to environment: {spring.jmx.enabled=false, org.springframework.boot.test.context.SpringBootTestContextBootstrapper=true, server.port=-1}

  .   ____          _            __ _ _
 /\\ / ___'_ __ _ _(_)_ __  __ _ \ \ \ \
( ( )\___ | '_ | '_| | '_ \/ _` | \ \ \ \
 \\/  ___)| |_)| | | | | || (_| |  ) ) ) )
  '  |____| .__|_| |_|_| |_\__, | / / / /
 =========|_|==============|___/=/_/_/_/
 :: Spring Boot ::        (v2.1.7.RELEASE)

2021-06-01 09:09:28.809  INFO 20727 --- [           main] com.TestMessageController                : Starting TestMessageController on ip-172-31-3-150 with PID 20727 (started by jenkins in /var/lib/jenkins/workspace/pipeline-project)
2021-06-01 09:09:28.817  INFO 20727 --- [           main] com.TestMessageController                : No active profile set, falling back to default profiles: default
2021-06-01 09:09:31.549  INFO 20727 --- [           main] o.s.s.concurrent.ThreadPoolTaskExecutor  : Initializing ExecutorService 'applicationTaskExecutor'
2021-06-01 09:09:31.619  INFO 20727 --- [           main] o.s.b.a.w.s.WelcomePageHandlerMapping    : Adding welcome page: class path resource [static/index.html]
2021-06-01 09:09:31.764  INFO 20727 --- [           main] com.TestMessageController                : Started TestMessageController in 3.382 seconds (JVM running for 4.43)
2021-06-01 09:09:32.015  INFO 20727 --- [           main] com.MessageController                    : hello, its an info
2021-06-01 09:09:32.023  INFO 20727 --- [           main] com.MessageController                    : hello from test app1
[INFO] Tests run: 2, Failures: 0, Errors: 0, Skipped: 0, Time elapsed: 4.087 s - in com.TestMessageController
2021-06-01 09:09:32.067  INFO 20727 --- [       Thread-1] o.s.s.concurrent.ThreadPoolTaskExecutor  : Shutting down ExecutorService 'applicationTaskExecutor'
[INFO] 
[INFO] Results:
[INFO] 
[INFO] Tests run: 2, Failures: 0, Errors: 0, Skipped: 0
[INFO] 
[INFO] 
[INFO] <<< maven-surefire-report-plugin:3.0.0-M5:report (default-cli) < [surefire]test @ bootcamp <<<
[INFO] 
[INFO] 
[INFO] --- maven-surefire-report-plugin:3.0.0-M5:report (default-cli) @ bootcamp ---
[WARNING] Unable to locate Test Source XRef to link to - DISABLED
[INFO] ------------------------------------------------------------------------
[INFO] BUILD SUCCESS
[INFO] ------------------------------------------------------------------------
[INFO] Total time:  7.736 s
[INFO] Finished at: 2021-06-01T09:09:33Z
[INFO] ------------------------------------------------------------------------
[Pipeline] publishHTML
[htmlpublisher] Archiving HTML reports...
[htmlpublisher] Archiving at PROJECT level /var/lib/jenkins/workspace/pipeline-project/target/site to /var/lib/jenkins/jobs/pipeline-project/htmlreports/HTML_20Report
[Pipeline] }
[Pipeline] // stage
[Pipeline] stage
[Pipeline] { (Build Docker Image)
[Pipeline] echo
Building docker image for my application ...
[Pipeline] sh
+ /var/lib/jenkins/tools/org.jenkinsci.plugins.docker.commons.tools.DockerTool/docker/bin/docker build -t mousumighanti/mouapp:1.0 .
Sending build context to Docker daemon  17.73MB

Step 1/4 : FROM openjdk:8-jdk-alpine
 ---> a3562aa0b991
Step 2/4 : ARG JAR_FILE=target/*.jar
 ---> Using cache
 ---> 0e97e73ce76b
Step 3/4 : COPY ${JAR_FILE} app.jar
 ---> 2fb4abb51608
Step 4/4 : ENTRYPOINT ["java","-jar","/app.jar"]
 ---> Running in a851a1e6f532
Removing intermediate container a851a1e6f532
 ---> 3e3082a1a76e
Successfully built 3e3082a1a76e
Successfully tagged mousumighanti/mouapp:1.0
[Pipeline] }
[Pipeline] // stage
[Pipeline] stage
[Pipeline] { (Push Docker Image to Docker Registry)
[Pipeline] echo
Pushing image to docker hub
[Pipeline] withCredentials
Masking supported pattern matches of $dockerpwd
[Pipeline] {
[Pipeline] sh
Warning: A secret was passed to "sh" using Groovy String interpolation, which is insecure.
		 Affected argument(s) used the following variable(s): [dockerpwd]
		 See https://jenkins.io/redirect/groovy-string-interpolation for details.
+ /var/lib/jenkins/tools/org.jenkinsci.plugins.docker.commons.tools.DockerTool/docker/bin/docker login -u mousumighanti -p ****
Login Succeeded
[Pipeline] sh
+ /var/lib/jenkins/tools/org.jenkinsci.plugins.docker.commons.tools.DockerTool/docker/bin/docker push mousumighanti/mouapp:1.0
The push refers to repository [docker.io/mousumighanti/mouapp]
8ebe99f819ad: Preparing
ceaf9e1ebef5: Preparing
9b9b7f3d56a0: Preparing
f1b5933fe4b5: Preparing
f1b5933fe4b5: Layer already exists
9b9b7f3d56a0: Layer already exists
ceaf9e1ebef5: Layer already exists
8ebe99f819ad: Pushed
1.0: digest: sha256:8e17fd97639cf4618a7f8fe6a9bab7aaad16335cec264e3143d544f6940df985 size: 1159
[Pipeline] }
[Pipeline] // withCredentials
[Pipeline] }
[Pipeline] // stage
[Pipeline] stage
[Pipeline] { (Deploy Application)
[Pipeline] echo
Deploying  application
[Pipeline] ansiblePlaybook
[pipeline-project] $ /usr/bin/ansible-playbook deploy.yml -i /etc/ansible/hosts --private-key /var/lib/jenkins/workspace/pipeline-project/ssh4877781387526754914.key -u ubuntu

PLAY [all] *********************************************************************

TASK [Gathering Facts] *********************************************************
ok: [172.31.61.245]

TASK [install docker] **********************************************************
ok: [172.31.61.245]

TASK [start docker service] ****************************************************
ok: [172.31.61.245]

TASK [deploy my application] ***************************************************
[WARNING]: Consider using 'become', 'become_method', and 'become_user' rather
than running sudo
changed: [172.31.61.245]

PLAY RECAP *********************************************************************
172.31.61.245              : ok=4    changed=1    unreachable=0    failed=0    skipped=0    rescued=0    ignored=0   

[Pipeline] }
[Pipeline] // stage
[Pipeline] }
[Pipeline] // node
[Pipeline] node
Running on Jenkins in /var/lib/jenkins/workspace/pipeline-project
[Pipeline] {
[Pipeline] echo
finally gets executed and end an email notification for every build
[Pipeline] emailext
Sending email to: ghantimousumi2607@gmail.com
